Traceback (most recent call last):
  File "C:\Users\Tuf Gamer\Desktop\Antigravity Stuff\Training Hub Builder\backend\main.py", line 92, in navigate
    await browser_manager.page.goto(pkt.url)
  File "C:\Users\Tuf Gamer\Desktop\Antigravity Stuff\Training Hub Builder\backend\venv\Lib\site-packages\playwright\async_api\_generated.py", line 9041, in goto
    await self._impl_obj.goto(
        url=url, timeout=timeout, waitUntil=wait_until, referer=referer
    )
  File "C:\Users\Tuf Gamer\Desktop\Antigravity Stuff\Training Hub Builder\backend\venv\Lib\site-packages\playwright\_impl\_page.py", line 552, in goto
    return await self._main_frame.goto(**locals_to_params(locals()))
           ^^^^^^^^^^^^^^^^^^^^^^^^^^^^^^^^^^^^^^^^^^^^^^^^^^^^^^^^^
  File "C:\Users\Tuf Gamer\Desktop\Antigravity Stuff\Training Hub Builder\backend\venv\Lib\site-packages\playwright\_impl\_frame.py", line 153, in goto
    await self._channel.send(
        "goto", self._navigation_timeout, locals_to_params(locals())
    )
  File "C:\Users\Tuf Gamer\Desktop\Antigravity Stuff\Training Hub Builder\backend\venv\Lib\site-packages\playwright\_impl\_connection.py", line 69, in send
    return await self._connection.wrap_api_call(
           ^^^^^^^^^^^^^^^^^^^^^^^^^^^^^^^^^^^^^
    ...<3 lines>...
    )
    ^
  File "C:\Users\Tuf Gamer\Desktop\Antigravity Stuff\Training Hub Builder\backend\venv\Lib\site-packages\playwright\_impl\_connection.py", line 559, in wrap_api_call
    raise rewrite_error(error, f"{parsed_st['apiName']}: {error}") from None
playwright._impl._errors.Error: Page.goto: Protocol error (Page.navigate): Cannot navigate to invalid URL
Call log:
  - navigating to "dogdollars.ca", waiting until "load"

